[www.mercadopago.com.ar/index.html]
[http2.mlstatic.com/frontend-assets/mp-web-navigation/ui-navigation/5.19.1/mercadopago/180x180.png]
[backblue.gif]
[fade.gif]
[index.html]
[http2.mlstatic.com/frontend-assets/mp-web-navigation/ui-navigation/5.19.1/mercadopago/logo__small.png]
[http2.mlstatic.com/frontend-assets/mp-web-navigation/ui-navigation/5.19.1/mercadopago/logo__small@2x.png]
[http2.mlstatic.com/frontend-assets/mp-web-navigation/ui-navigation/5.19.1/mercadopago/logo__large@2x.png]
[http2.mlstatic.com/frontend-assets/mp-web-navigation/ui-navigation/5.19.1/mercadopago/logo__large.png]
[http2.mlstatic.com/frontend-assets/home-landing/mla.home.desktop.6a9c3f2c.css]
[http2.mlstatic.com/analytics/ga/mla-mp-analytics.min.js]
[www.mercadopago.com.ar/HOME/INDEX/index.html]
[www.mercadopago.com.ar/herramientas-para-vender.html]
[www.mercadopago.com.ar/cuenta.html]
[www.mercadopago.com.ar/point.html]
[www.mercadopago.com.ar/como-cobrar/codigo-qr.html]
[www.mercadopago.com.ar/herramientas-para-vender/link-de-pago-plugins-y-plataformas-checkout/link-de-pago.html]
[www.mercadopago.com.ar/link-de-pago-plugins-y-plataformas-checkout.html]
[www.mercadopago.com.ar/herramientas-para-vender/suscripciones.html]
[www.mercadopago.com.ar/mercado-credito/prestamos-negocio-online.html]
[www.mercadopago.com.ar/ayuda.html]
[www.mercadopago.com.ar/revendedores/index.html]
[www.mercadopago.com.ar/ayuda/18307.html]
[www.mercadopago.com.ar/ayuda/18700.html]
[www.mercadopago.com.ar/ayuda/23303.html]
[www.mercadopago.com.ar/ayuda/terminos-y-politicas_194.html]
[www.mercadopago.com.ar/privacidad.html]
[www.mercadopago.com.ar/accesibilidad.html]
[www.mercadopago.com.ar/ayuda/Informacion-defensa-del-consumidor_1008.html]
[www.mercadopago.com.ar/pagar-con-qr.html]
[www.mercadopago.com.ar/recargas.html]
[www.mercadopago.com.ar/transporte/sube.html]
[www.mercadopago.com.ar/servicios.html]
[www.mercadopago.com.ar/amigos.html]
[www.mercadopago.com.ar/mercado-credito/pagos-sin-tarjeta/descargas.html]
[www.mercadopago.com.ar/PUT]
[www.mercadopago.com.ar/GET]
[www.google.com/recaptcha/enterprise17f8.js]
[www.mercadopago.com.ar/index.html]
[http2.mlstatic.com/frontend-assets/home-landing/4bee05efb4cf1a229e20.webp]
[http2.mlstatic.com/frontend-assets/home-landing/mla.home.desktop.6a9c3f2c.css]
[www.mercadopago.com.ar/HOME/INDEX/index.html]
[http2.mlstatic.com/frontend-assets/mpfc-digital-account-landing/mla.main.desktop.4a79a3cf.css]
[www.mercadopago.com.ar/DIGITAL_ACCOUNT/INDEX/index.html]
[www.mercadopago.com.ar/pagar-con-qr4060.html]
[www.mercadopago.com.ar/hub/registration/landing.html]
[www.mercadopago.com.ar/c/menores9a59.html]
[www.mercadopago.com.ar/cuenta.html]
[www.mercadopago.com.ar/herramientas-para-vender4060.html]
[http2.mlstatic.com/frontend-assets/mp-web-navigation/ui-navigation/5.19.1/mercadopago/navigation_v3.css]
[www.mercadopago.com.ar/Trident/index.html]
[http2.mlstatic.com/frontend-assets/business-landing/business.desktop.643daee6.css]
[www.mercadopago.com.ar/BUSINESS_SITE/INDEX/index.html]
[http2.mlstatic.com/frontend-assets/business-landing/6dce2a396568ca1a1526f8853482d9.png]
[http2.mlstatic.com/frontend-assets/business-landing/93b11f6f1d730706c5d1bbd8c0a4ff.png]
[http2.mlstatic.com/frontend-assets/business-landing/9a52fbcefcc00871ec48e700026398.png]
[http2.mlstatic.com/frontend-assets/business-landing/3b59dc1262f972512b850c41dd5c39.png]
[www.mercadopago.com.ar/herramientas-para-vender.html]
[www.mercadopago.com.ar/hub/registration/landing/company.html]
[http2.mlstatic.com/frontend-assets/pog-landings/hero-desktop.c83ccabb.css]
[http2.mlstatic.com/frontend-assets/pog-landings/multiproduct-wrapper-desktop.3d1e3178.css]
[http2.mlstatic.com/frontend-assets/pog-landings/generic-component-desktop.bf5be780.css]
[http2.mlstatic.com/frontend-assets/pog-landings/taxes-desktop.e265f277.css]
[http2.mlstatic.com/frontend-assets/pog-landings/payments-desktop.379b0a47.css]
[http2.mlstatic.com/frontend-assets/pog-landings/opportunity-desktop.76119712.css]
[http2.mlstatic.com/frontend-assets/pog-landings/tyc-desktop.e09e0e23.css]
[http2.mlstatic.com/storage/pog-cm-admin/calm-assets/MLA-Point-Multiproducto-HeroDefault-1024--028f2400.png]
[http2.mlstatic.com/storage/pog-cm-admin/calm-assets/MLA-Point-Mini-CardDevice-Desktop--fe24a120.png]
[www.mercadopago.com.ar/POG/LANDINGS/MULTIPRODUCT/ORGANIC/index.html]
[www.mercadopago.com.ar/growth/logine8e4.html]
[http2.mlstatic.com/storage/pog-cm-admin/calm-assets/MLA-Point-Plus-CardDevice-Desktop--f6021c20.png]
[www.mercadopago.com.ar/point/invite8739.html]
[www.mercadopago.com.ar/growth/login8913.html]
[http2.mlstatic.com/storage/pog-cm-admin/calm-assets/MLA-Point-Smart-CardDevice-Desktop--e64e55a0.png]
[www.mercadopago.com.ar/point/invite0ea4.html]
[www.mercadopago.com.ar/growth/loginc84c.html]
[www.mercadopago.com.ar/point/invite8148.html]
[www.mercadopago.com.ar/soluciones-empresariales7fd9.html]
[www.mercadopago.com.ar/ayuda/19634.html]
[www.mercadopago.com.ar/point.html]
[www.mercadopago.com.ar/ayuda/terminos-condiciones-point_2772.html]
[http2.mlstatic.com/frontend-assets/pog-landings/landingDesktop.02ad2861.css]
[http2.mlstatic.com/frontend-assets/pog-landings/payment-methods-desktop.66f136c0.css]
[http2.mlstatic.com/frontend-assets/pog-landings/taxes-hybrid-desktop.360fa71d.css]
[http2.mlstatic.com/frontend-assets/pog-landings/business-tool-desktop.2318ff39.css]
[http2.mlstatic.com/frontend-assets/pog-landings/faqs-desktop.d0b16cd8.css]
[http2.mlstatic.com/frontend-assets/pog-landings/remote-module-desktop.fe3cdb68.css]
[http2.mlstatic.com/storage/pog-cm-admin/calm-assets/MLA-InStore-Como-Cobrar-Default-Hero-1024--e9c6b580.png]
[www.mercadopago.com.ar/POG/LANDINGS/ORGANIC/index.html]
[www.mercadopago.com.ar/soluciones-empresarialesc83d.html]
[www.mercadopago.com.ar/stop/cobra-con-qr.html]
[www.mercadopago.com.ar/growth/login5ead.html]
[www.mercadopago.com.ar/codigo-qr/kit-oficial44dc.html]
[www.mercadopago.com.ar/ayuda/cuotas-sin-interes_3299.html]
[www.mercadopago.com.ar/ayuda/17852.html]
[www.mercadopago.com.ar/ayuda/empezar-a-invertir_4055.html]
[www.mercadopago.com.ar/ayuda/18340.html]
[www.mercadopago.com.ar/codigo-qr/kit-oficial.html]
[www.mercadopago.com.ar/como-cobrar/codigo-qr.html]
[http2.mlstatic.com/storage/pog-cm-admin/calm-assets/hero-mla-tu-link-promo@3x--f83eb370.png]
[www.mercadopago.com.ar/PAYMENTLINK/LANDINGS/ONLINE-PAYMENTS/index.html]
[www.mercadopago.com.ar/soluciones-empresarialesf7ec.html]
[www.mercadopago.com.ar/mercado-credito/cuotas-sin-tarjeta/integrated-flow/start7d2b.html]
[www.mercadopago.com.ar/ayuda/como-puedo-usar-mi-dinero_3675.html]
[www.mercadopago.com.ar/ayuda/23612.html]
[www.mercadopago.com.ar/herramientas-para-vender/link-de-pago-plugins-y-plataformas-checkout/PUT]
[www.mercadopago.com.ar/herramientas-para-vender/link-de-pago-plugins-y-plataformas-checkout/link-de-pago.html]
[http2.mlstatic.com/storage/pog-cm-admin/calm-assets/mla-online-payments-hero--752fcc40.png]
[www.mercadopago.com.ar/HOME/LANDINGS/ONLINE-PAYMENTS/index.html]
[www.mercadopago.com.ar/herramientas-para-vender/link-de-pago-plugins-y-plataformas-checkout/plugins-y-plataformas/vender-shopify.html]
[www.mercadopago.com.ar/herramientas-para-vender/link-de-pago-plugins-y-plataformas-checkout/plugins-y-plataformas/vender-woocommerce.html]
[www.mercadopago.com.ar/herramientas-para-vender/cobrar.html]
[www.mercadopago.com.ar/developers/es/docs.html]
[www.mercadopago.com.ar/link-de-pago-plugins-y-plataformas-checkout.html]
[www.mercadopago.com.ar/soluciones-empresarialese2e0.html]
[http2.mlstatic.com/frontend-assets/ui-navigation/5.19.1/mercadopago/180x180.png]
[http2.mlstatic.com/frontend-assets/ui-navigation/5.19.1/mercadopago/navigation_v3.css]
[http2.mlstatic.com/frontend-assets/landing-op-internal-products/subscriptions.desktop.b559b223.css]
[http2.mlstatic.com/frontend-assets/landing-op-internal-products/MLA/hero/mla-desktop3860.jpg]
[www.mercadopago.com.ar/SUBSCRIPTIONS/LANDINGS/ONLINE-PAYMENTS/index.html]
[www.mercadopago.com.ar/ajuda/custo-receber-pagamentos_220]
[www.mercadopago.com.ar/developers/es/docs/subscriptions/landing.html]
[www.mercadopago.com.ar/herramientas-para-vender/PUT]
[www.mercadopago.com.ar/herramientas-para-vender/suscripciones.html]
[http2.mlstatic.com/frontend-assets/credits-merchant-landings/landing.desktop.f48d718b.css]
[img.youtube.com/vi/OprmcXcZoZ8/hqdefault.jpg]
[www.mercadopago.com.ar/CREDITS/MERCHANT/PUBLIC_LANDING/index.html]
[www.mercadopago.com.ar/ayuda/16535.html]
[www.mercadopago.com.ar/mercado-credito/prestamos-negocio-online.html]
[maxcdn.bootstrapcdn.com/bootstrap/4.0.0/css/bootstrap.min.css]
[http2.mlstatic.com/ui/webfonts/v4.2.0/proxima-nova/500-700-900.css]
[http2.mlstatic.com/frontend-assets/mgrowth-resellers-landings/landingMLA.e826dbec.css]
[http2.mlstatic.com/frontend-assets/mgrowth-resellers-landings/imgMLA/img_hero.png]
[http2.mlstatic.com/frontend-assets/mgrowth-resellers-landings/imgMLA/form-bg.png]
[www.mercadopago.com.ar/POINT/LANDING/RESELLERS/HUNTING/index.html]
[http2.mlstatic.com/frontend-assets/mgrowth-resellers-landings/imgMLA/step-one.png]
[www.mercadopago.com.ar/ayuda/5248.html]
[http2.mlstatic.com/frontend-assets/mgrowth-resellers-landings/imgMLA/step-two.png]
[http2.mlstatic.com/frontend-assets/mgrowth-resellers-landings/imgMLA/step-three.png]
[http2.mlstatic.com/frontend-assets/mgrowth-resellers-landings/imgMLA/discover-bg.png]
[http2.mlstatic.com/frontend-assets/mgrowth-resellers-landings/imgMLA/money-icon.png]
[http2.mlstatic.com/frontend-assets/mgrowth-resellers-landings/imgMLA/star-icon.png]
[http2.mlstatic.com/frontend-assets/mgrowth-resellers-landings/imgMLA/calendar-icon.png]
[http2.mlstatic.com/frontend-assets/mgrowth-resellers-landings/imgMLA/coins-icon.png]
[http2.mlstatic.com/frontend-assets/mgrowth-resellers-landings/imgMLA/team-icon.png]
[http2.mlstatic.com/resources/frontend/growth-images/Kit-QR-oficial-mla--1587d570.png]
[http2.mlstatic.com/resources/frontend/growth-images/point-bt--def4a720.png]
[secure.mlstatic.com/mpos-frontend/emails-frontend/images/cho-point-prop-mlb-f455d10250.jpg]
[http2.mlstatic.com/secure/salesforce-resources/faqs-images/210127183915_pointsmart2x.jpg]
[http2.mlstatic.com/frontend-assets/mgrowth-resellers-landings/imgMLA/nuevos-clientes-icon.png]
[http2.mlstatic.com/frontend-assets/mgrowth-resellers-landings/imgMLA/activation-icon.png]
[http2.mlstatic.com/frontend-assets/mgrowth-resellers-landings/imgMLA/actividad-icon.png]
[http2.mlstatic.com/frontend-assets/mgrowth-resellers-landings/imgMLA/qr-icon.png]
[http2.mlstatic.com/frontend-assets/mgrowth-resellers-landings/imgMLA/descuentos-icon.png]
[http2.mlstatic.com/frontend-assets/mgrowth-resellers-landings/imgMLA/points-bg.png]
[www.mercadopago.com.ar/revendedores/index.html]
[www.mercadopago.com.ar/revendedores/PUT.html]
[www.mercadopago.com.ar/developers/index.html]
[www.mercadopago.com.ar/developers/es.html]
[http2.mlstatic.com/frontend-assets/cx-support-peach-frontend/home-mp.94d789d2.css]
[www.mercadopago.com.ar/ayuda/19080.html]
[www.mercadopago.com.ar/PORTAL/HOME/index.html]
[www.mercadopago.com.ar/ayuda/19082.html]
[www.mercadopago.com.ar/ayuda/19083.html]
[www.mercadopago.com.ar/ayuda/19049.html]
[www.mercadopago.com.ar/ayuda/24459.html]
[www.mercadopago.com.ar/ayuda/19050.html]
[www.mercadopago.com.ar/ayuda.html]
[http2.mlstatic.com/frontend-assets/cx-support-peach-frontend/folder-mp.f71a4e44.css]
[www.mercadopago.com.ar/ayuda/19084.html]
[www.mercadopago.com.ar/PORTAL/FOLDER/18307/index.html]
[www.mercadopago.com.ar/ayuda/194.html]
[www.mercadopago.com.ar/ayuda/PUT]
[www.mercadopago.com.ar/ayuda/18307.html]
[http2.mlstatic.com/frontend-assets/cx-support-peach-frontend/content-mp.3976dc2d.css]
[www.mercadopago.com.ar/PORTAL/FAQ/18700/index.html]
[www.mercadopago.com.ar/ayuda/16495.html]
[http2.mlstatic.com/secure/salesforce-resources/faqs-images/210122131750_01BCRA_Normas2019.jpg]
[www.mercadopago.com.ar/ayuda/18563.html]
[www.mercadopago.com.ar/ayuda/18700.html]
[www.mercadopago.com.ar/ayuda/18691.html]
[http2.mlstatic.com/storage/cx-support-fcm-api/fcm-pub-os/cx-support-mario-frontend/julcastro/logo_la caja.png]
[http2.mlstatic.com/storage/cx-support-fcm-api/fcm-pub-os/cx-support-mario-frontend/julcastro/logo_horizontal ssn.png]
[http2.mlstatic.com/storage/cx-support-fcm-api/fcm-pub-os/cx-support-mario-frontend/julcastro/afiche ssn_segurosmla.png]
[www.mercadopago.com.ar/ayuda/23303.html]
[www.mercadopago.com.ar/PORTAL/FAQ/23303/index.html]
[www.mercadopago.com.ar/PORTAL/FOLDER/194/index.html]
[www.mercadopago.com.ar/ayuda/terminos-y-condiciones_299.html]
[www.mercadopago.com.ar/ayuda/Programa-de-Protecci-n-al-Vend_602.html]
[www.mercadopago.com.ar/ayuda/terminos-y-condiciones-de-mercadoenvios1_1529.html]
[www.mercadopago.com.ar/ayuda/terminos-condiciones-adelantos-dinero_2582.html]
[www.mercadopago.com.ar/ayuda/gateway_3145.html]
[www.mercadopago.com.ar/ayuda/terminos-y-con-qr_4269.html]
[www.mercadopago.com.ar/ayuda/T-rminos-y-condiciones-del-pag_4767.html]
[www.mercadopago.com.ar/ayuda/T-rminos-y-Condiciones-de-Merc_4718.html]
[www.mercadopago.com.ar/ayuda/T-rminos-y-condiciones-de-Pr-s_2942.html]
[www.mercadopago.com.ar/ayuda/18776.html]
[www.mercadopago.com.ar/ayuda/18572.html]
[www.mercadopago.com.ar/ayuda/T-rminos-y-condiciones-de-uso-_3267.html]
[www.mercadopago.com.ar/ayuda/4070.html]
[www.mercadopago.com.ar/ayuda/terminos-y-politicas_194.html]
[www.mercadopago.com.ar/privacidad/declaracion-privacidad.html]
[http2.mlstatic.com/frontend-assets/data-privacy-landing/privacity.fb655bdd.css]
[www.mercadopago.com.ar/privacy-preferences/ads.html]
[www.mercadopago.com.ar/UNIVERSAL/LANDING_DATA_PRIVACY/index.html]
[www.mercadopago.com.ar/ayuda/17960.html]
[www.mercadopago.com.ar/privacidad.html]
[www.mercadopago.com.ar/privacy-preferences/cookies.html]
[www.mercadopago.com.ar/accesibilidad.html]
[http2.mlstatic.com/frontend-assets/accessibility-landing/accessibility.52bd2a71.css]
[www.mercadopago.com.ar/ACCESSIBILITY/LANDING/index.html]
[www.mercadopago.com.ar/ayuda/Informacion-defensa-del-consumidor_1008.html]
[www.mercadopago.com.ar/ayuda/4382.html]
[www.mercadopago.com.ar/PORTAL/FAQ/1008/index.html]
[http2.mlstatic.com/frontend-assets/marketing-performance-landings/desktop.426f9c2b.css]
[http2.mlstatic.com/ui/webfonts/v4.2.0/proxima-nova/500-700-800.css]
[http2.mlstatic.com/storage/marketing-performance-landings/mla/qr/generic/mla_opposite_qr_hero-320@2x.jpg]
[http2.mlstatic.com/storage/marketing-performance-landings/mla/qr/generic/mla_opposite_qr_hero-768@2x.jpg]
[www.mercadopago.com.ar/QR_PAYERS/MKT_LANDING/index.html]
[http2.mlstatic.com/storage/marketing-performance-landings/mla/qr/generic/mla_opposite_qr_hero-1024@2x.jpg]
[http2.mlstatic.com/storage/marketing-performance-landings/mla/qr/generic/mla_opposite_qr_hero-1280@2x.jpg]
[http2.mlstatic.com/storage/marketing-performance-landings/mla/qr/generic/mla_opposite_qr_hero-1920@2x.jpg]
[www.mercadopago.com.ar/pagar-con-qr.html]
[www.google.com/recaptcha/enterprise2d36.js]
[www.mercadopago.com.ar/CELLPHONE_RECHARGE/MKT_LANDING/index.html]
[http2.mlstatic.com/storage/marketing-performance-landings/mla/recharge/generic/mla_opposite_recarga_hero-768@2x.jpg]
[http2.mlstatic.com/storage/marketing-performance-landings/mla/recharge/generic/mla_opposite_recarga_hero-1024@2x.jpg]
[http2.mlstatic.com/storage/marketing-performance-landings/mla/recharge/generic/mla_opposite_recarga_hero-1280@2x.jpg]
[http2.mlstatic.com/storage/marketing-performance-landings/mla/recharge/generic/mla_opposite_recarga_hero-1920@2x.jpg]
[www.mercadopago.com.ar/recargas/movistar.html]
[www.mercadopago.com.ar/recargas/personal.html]
[www.mercadopago.com.ar/recargas/tuenti.html]
[www.mercadopago.com.ar/recargas.html]
[www.mercadopago.com.ar/recargas/claro.html]
[http2.mlstatic.com/storage/marketing-performance-landings/mla/transport/sube/mla_opposite_transporte_hero-320@2x.jpg]
[www.mercadopago.com.ar/TRANSPORT/MKT_LANDING/SUBE/index.html]
[http2.mlstatic.com/storage/marketing-performance-landings/mla/transport/sube/mla_opposite_transporte_hero-768@2x.jpg]
[http2.mlstatic.com/storage/marketing-performance-landings/mla/transport/sube/mla_opposite_transporte_hero-1280@2x.jpg]
[http2.mlstatic.com/storage/marketing-performance-landings/mla/transport/sube/mla_opposite_transporte_hero-1920@2x.jpg]
[www.mercadopago.com.ar/transporte/PUT]
[www.mercadopago.com.ar/transporte/sube.html]
[www.mercadopago.com.ar/SERVICES/MKT_LANDING/index.html]
[http2.mlstatic.com/storage/marketing-performance-landings/mla/services/generic/mla_opposite_servicios_hero-768@2x.jpg]
[http2.mlstatic.com/storage/marketing-performance-landings/mla/services/generic/mla_opposite_servicios_hero-1024@2x.jpg]
[http2.mlstatic.com/storage/marketing-performance-landings/mla/services/generic/mla_opposite_servicios_hero-1280@2x.jpg]
[http2.mlstatic.com/storage/marketing-performance-landings/mla/services/generic/mla_opposite_servicios_hero-1920@2x.jpg]
[www.mercadopago.com.ar/servicios.html]
[www.mercadopago.com.ar/cuenta#from=home_landing.html]
[http2.mlstatic.com/storage/marketing-performance-landings/mla/friends/generic/Her_Amigos-320@2x.jpg]
[www.mercadopago.com.ar/MULTIPLAYER/MKT_LANDING/index.html]
[http2.mlstatic.com/storage/marketing-performance-landings/mla/friends/generic/Her_Amigos-768@2x.jpg]
[http2.mlstatic.com/storage/marketing-performance-landings/mla/friends/generic/Her_Amigos-1024@2x.jpg]
[http2.mlstatic.com/storage/marketing-performance-landings/mla/friends/generic/Her_Amigos-1280@2x.jpg]
[http2.mlstatic.com/storage/marketing-performance-landings/mla/friends/generic/Her_Amigos-1920@2x.jpg]
[www.mercadopago.com.ar/amigos/dividir-cuentas.html]
[www.mercadopago.com.ar/amigos/pedir-dinero.html]
[www.mercadopago.com.ar/amigos.html]
[www.mercadopago.com.ar/amigos/transferir-dinero.html]
[http2.mlstatic.com/storage/marketing-performance-landings/mla/credits/descargas/hero_recargas-320@2x.jpg]
[www.mercadopago.com.ar/CREDITS/MKT_LANDING/DESCARGAS/index.html]
[http2.mlstatic.com/storage/marketing-performance-landings/mla/credits/descargas/hero_recargas-768@2x.jpg]
[http2.mlstatic.com/storage/marketing-performance-landings/mla/credits/descargas/hero_recargas-1024@2x.jpg]
[http2.mlstatic.com/storage/marketing-performance-landings/mla/credits/descargas/hero_recargas-1280@2x.jpg]
[http2.mlstatic.com/storage/marketing-performance-landings/mla/credits/descargas/hero_recargas-1920@2x.jpg]
[www.mercadopago.com.ar/mercado-credito/pagos-sin-tarjeta/PUT]
[www.mercadopago.com.ar/mercado-credito/pagos-sin-tarjeta/descargas.html]
[www.mercadopago.com.ar/PUT.html]
[www.mercadopago.com.ar/GET.html]
[www.googletagmanager.com/gtm5445.html]
[http2.mlstatic.com/frontend-assets/mpfc-digital-account-landing/96533642616cd990a871.webp]
[http2.mlstatic.com/frontend-assets/mpfc-digital-account-landing/mla.main.desktop.4a79a3cf.css]
[www.mercadopago.com.ar/DIGITAL_ACCOUNT/INDEX/index.html]
[www.mercadopago.com.ar/pagar-con-qr4060.html]
[http2.mlstatic.com/frontend-assets/ui-navigation/5.18.1/mercadopago/60x60-precomposed.png]
[http2.mlstatic.com/frontend-assets/ui-navigation/5.18.1/mercadopago/76x76-precomposed.png]
[http2.mlstatic.com/frontend-assets/ui-navigation/5.18.1/mercadopago/120x120-precomposed.png]
[http2.mlstatic.com/frontend-assets/ui-navigation/5.18.1/mercadopago/152x152-precomposed.png]
[http2.mlstatic.com/frontend-assets/ui-navigation/5.18.1/mercadopago/navigation.css]
[http2.mlstatic.com/storage/auth-library/2.7.0/layout/styles.css]
[http2.mlstatic.com/frontend-assets/auth-hub-frontend/landing-mp.6cb3045e.css]
[www.mercadopago.com.ar/hub/registration065f.html]
[www.mercadopago.com.ar/REGISTRATION/HUB/LANDING/index.html]
[www.mercadopago.com.ar/hub/registration/PUT.104.delayed]
[www.mercadopago.com.ar/hub/registration/landing.html]
[www.mercadopago.com.ar/SPLINTER/LANDING/MP/MP/MENORES/index.html]
[http2.mlstatic.com/storage/splinter-admin/1648835714631-paiscampanahero.jpg]
[http2.mlstatic.com/D_NQ_NP_956997-MLA49579890187_042022-F.jpg]
[http2.mlstatic.com/D_NQ_NP_918919-MLA49588276385_042022-F.jpg]
[www.mercadopago.com.ar/c/menores9a59.html]
[www.mercadopago.com.ar/herramientas-para-vender4060.html]
[www.mercadopago.com.ar/Trident/index.html]
[http2.mlstatic.com/frontend-assets/mp-web-navigation/ui-navigation/5.19.1/mercadopago/navigation.eot]
[http2.mlstatic.com/frontend-assets/mp-web-navigation/ui-navigation/5.19.1/mercadopago/navigation.woff2]
[http2.mlstatic.com/frontend-assets/mp-web-navigation/ui-navigation/5.19.1/mercadopago/navigation.woff]
[http2.mlstatic.com/frontend-assets/mp-web-navigation/ui-navigation/5.19.1/mercadopago/navigation.ttf]
[http2.mlstatic.com/frontend-assets/mp-web-navigation/ui-navigation/5.19.1/mercadopago/navigation_v3.css]
[http2.mlstatic.com/frontend-assets/mp-web-navigation/ui-navigation/5.19.1/mercadopago/navigation.svg]
[http2.mlstatic.com/frontend-assets/business-landing/8695f6e847837d7c3842.webp]
[http2.mlstatic.com/frontend-assets/business-landing/business.desktop.643daee6.css]
[www.mercadopago.com.ar/BUSINESS_SITE/INDEX/index.html]
[http2.mlstatic.com/frontend-assets/auth-hub-frontend/company-landing-mp.8d644afc.css]
[www.mercadopago.com.ar/hub/registration/landing/PUT]
[www.mercadopago.com.ar/hub/registration/landing/company.html]
[http2.mlstatic.com/frontend-assets/pog-landings/hero-desktop.c83ccabb.css]
[http2.mlstatic.com/frontend-assets/pog-landings/multiproduct-wrapper-desktop.3d1e3178.css]
[http2.mlstatic.com/frontend-assets/pog-landings/generic-component-desktop.bf5be780.css]
[http2.mlstatic.com/frontend-assets/pog-landings/taxes-desktop.e265f277.css]
[http2.mlstatic.com/frontend-assets/pog-landings/payments-desktop.379b0a47.css]
[http2.mlstatic.com/frontend-assets/pog-landings/opportunity-desktop.76119712.css]
[http2.mlstatic.com/frontend-assets/pog-landings/tyc-desktop.e09e0e23.css]
[www.mercadopago.com.ar/POG/LANDINGS/MULTIPRODUCT/ORGANIC/index.html]
[http2.mlstatic.com/frontend-assets/growth-frontend-login/loginTypeSelector.b24f0570.css]
[www.mercadopago.com.ar/ayuda/Point_2583.html]
[www.mercadopago.com.ar/GROWTH/LOGIN/SPLIT/index.html]
[www.mercadopago.com.ar/growth/login/gueste8e4.html]
[www.mercadopago.com.ar/growth/PUT]
[www.mercadopago.com.ar/growth/logine8e4.html]
[www.mercadopago.com.ar/point-mini.html]
[http2.mlstatic.com/frontend-assets/pog-landings/navbar-desktop.e0953c49.css]
[www.mercadopago.com.ar/cuenta8739.html]
[www.mercadopago.com.ar/herramientas-para-vender8739.html]
[www.mercadopago.com.ar/point8739.html]
[www.mercadopago.com.ar/como-cobrar/codigo-qr8739.html]
[www.mercadopago.com.ar/herramientas-para-vender/link-de-pago-plugins-y-plataformas-checkout/link-de-pago8739.html]
[www.mercadopago.com.ar/link-de-pago-plugins-y-plataformas-checkout8739.html]
[www.mercadopago.com.ar/herramientas-para-vender/suscripciones8739.html]
[http2.mlstatic.com/resources/frontend/gsl-assets/360-1024@2x--65e32da0.png]
[www.mercadopago.com.ar/revendedores/index8739.html]
[www.mercadopago.com.ar/growth/login35dc.html]
[www.mercadopago.com.ar/point/invite8739.html]
[www.mercadopago.com.ar/growth/login8913.html]
[www.mercadopago.com.ar/growth/login/guest8913.html]
[www.mercadopago.com.ar/point-plus.html]
[www.mercadopago.com.ar/cuenta95bf.html]
[www.mercadopago.com.ar/herramientas-para-vender95bf.html]
[www.mercadopago.com.ar/point95bf.html]
[www.mercadopago.com.ar/como-cobrar/codigo-qr95bf.html]
[www.mercadopago.com.ar/herramientas-para-vender/link-de-pago-plugins-y-plataformas-checkout/link-de-pago95bf.html]
[www.mercadopago.com.ar/link-de-pago-plugins-y-plataformas-checkout95bf.html]
[www.mercadopago.com.ar/herramientas-para-vender/suscripciones95bf.html]
[http2.mlstatic.com/storage/pog-cm-admin/calm-assets/mercado-pago-point-plus__360@2x--54bde780.png]
[www.mercadopago.com.ar/revendedores/index95bf.html]
[www.mercadopago.com.ar/soluciones-empresarialesb1fa.html]
[www.mercadopago.com.ar/point/invite0ea4.html]
[www.mercadopago.com.ar/growth/loginc84c.html]
[www.mercadopago.com.ar/growth/login/guestc84c.html]
[www.mercadopago.com.ar/point-smart.html]
[www.mercadopago.com.ar/herramientas-para-venderf8f5.html]
[www.mercadopago.com.ar/cuentaf8f5.html]
[www.mercadopago.com.ar/pointf8f5.html]
[www.mercadopago.com.ar/como-cobrar/codigo-qrf8f5.html]
[www.mercadopago.com.ar/herramientas-para-vender/link-de-pago-plugins-y-plataformas-checkout/link-de-pagof8f5.html]
[www.mercadopago.com.ar/link-de-pago-plugins-y-plataformas-checkoutf8f5.html]
[www.mercadopago.com.ar/herramientas-para-vender/suscripcionesf8f5.html]
[http2.mlstatic.com/storage/pog-cm-admin/calm-assets/Smart-MLA-Hero-360--d333b150.png]
[www.mercadopago.com.ar/revendedores/indexf8f5.html]
[www.mercadopago.com.ar/soluciones-empresarialesacc2.html]
[www.mercadopago.com.ar/point/invite8148.html]
[www.mercadopago.com.ar/soluciones-empresariales.html]
[www.mercadopago.com.ar/cuenta7fd9.html]
[www.mercadopago.com.ar/SMB/LANDING/index.html]
[www.mercadopago.com.ar/herramientas-para-vender7fd9.html]
[www.mercadopago.com.ar/point7fd9.html]
[www.mercadopago.com.ar/como-cobrar/codigo-qr7fd9.html]
[www.mercadopago.com.ar/herramientas-para-vender/link-de-pago-plugins-y-plataformas-checkout/link-de-pago7fd9.html]
[www.mercadopago.com.ar/link-de-pago-plugins-y-plataformas-checkout7fd9.html]
[www.mercadopago.com.ar/herramientas-para-vender/suscripciones7fd9.html]
[www.mercadopago.com.ar/soluciones-empresariales7fd9.html]
[www.mercadopago.com.ar/revendedores/index7fd9.html]
[www.mercadopago.com.ar/PORTAL/FOLDER/19634/index.html]
[www.mercadopago.com.ar/ayuda/16753.html]
[www.mercadopago.com.ar/ayuda/19634.html]
[www.mercadopago.com.ar/ayuda/17974.html]
[www.mercadopago.com.ar/ayuda/2942.html]
[www.mercadopago.com.ar/PORTAL/FAQ/2772/index.html]
[www.mercadopago.com.ar/ayuda/_2582.html]
[www.mercadopago.com.ar/ayuda/Quiero-cambiar-la-titularidad-_3237.html]
[www.mercadopago.com.ar/ayuda/terminos-condiciones-point_2772.html]
[http2.mlstatic.com/frontend-assets/pog-landings/landingDesktop.02ad2861.css]
[http2.mlstatic.com/frontend-assets/pog-landings/payment-methods-desktop.66f136c0.css]
[http2.mlstatic.com/frontend-assets/pog-landings/taxes-hybrid-desktop.360fa71d.css]
[http2.mlstatic.com/frontend-assets/pog-landings/business-tool-desktop.2318ff39.css]
[http2.mlstatic.com/frontend-assets/pog-landings/faqs-desktop.d0b16cd8.css]
[http2.mlstatic.com/frontend-assets/pog-landings/remote-module-desktop.fe3cdb68.css]
[www.mercadopago.com.ar/POG/LANDINGS/ORGANIC/index.html]
[www.mercadopago.com.ar/ayuda/cuanto-cuesta-recibir-pagos-con-point_2779.html]
[www.mercadopago.com.ar/cuentac83d.html]
[www.mercadopago.com.ar/herramientas-para-venderc83d.html]
[www.mercadopago.com.ar/pointc83d.html]
[www.mercadopago.com.ar/como-cobrar/codigo-qrc83d.html]
[www.mercadopago.com.ar/herramientas-para-vender/link-de-pago-plugins-y-plataformas-checkout/link-de-pagoc83d.html]
[www.mercadopago.com.ar/link-de-pago-plugins-y-plataformas-checkoutc83d.html]
[www.mercadopago.com.ar/herramientas-para-vender/suscripcionesc83d.html]
[www.mercadopago.com.ar/soluciones-empresarialesc83d.html]
[www.mercadopago.com.ar/stop/cobra-con-qr.html]
[www.mercadopago.com.ar/revendedores/indexc83d.html]
[www.mercadopago.com.ar/growth/login5ead.html]
[www.mercadopago.com.ar/growth/login/guest5ead.html]
[www.mercadopago.com.ar/cuenta44dc.html]
[www.mercadopago.com.ar/herramientas-para-vender44dc.html]
[www.mercadopago.com.ar/point44dc.html]
[www.mercadopago.com.ar/como-cobrar/codigo-qr44dc.html]
[www.mercadopago.com.ar/herramientas-para-vender/link-de-pago-plugins-y-plataformas-checkout/link-de-pago44dc.html]
[www.mercadopago.com.ar/link-de-pago-plugins-y-plataformas-checkout44dc.html]
[www.mercadopago.com.ar/herramientas-para-vender/suscripciones44dc.html]
[http2.mlstatic.com/storage/pog-cm-admin/calm-assets/hero-asset-desktop-mla-@2x--cbaf0510.png]
[www.mercadopago.com.ar/revendedores/index44dc.html]
[www.mercadopago.com.ar/soluciones-empresariales851f.html]
[www.mercadopago.com.ar/codigo-qr/kit-oficial44dc.html]
[www.mercadopago.com.ar/PORTAL/FAQ/3299/index.html]
[www.mercadopago.com.ar/ayuda/220.html]
[www.mercadopago.com.ar/ayuda/24694.html]
[www.mercadopago.com.ar/ayuda/cuotas-sin-interes_3299.html]
[www.mercadopago.com.ar/PORTAL/FAQ/17852/index.html]
[www.mercadopago.com.ar/ayuda/17310.html]
[www.mercadopago.com.ar/ayuda/17852.html]
[www.mercadopago.com.ar/ayuda/empezar-a-invertir_4055.html]
[www.mercadopago.com.ar/PORTAL/FAQ/4055/index.html]
[www.mercadopago.com.ar/ayuda/4076.html]
[http2.mlstatic.com/storage/cx-support-fcm-api/fcm-pub-os/cx-support-mario-frontend/lgun/axion.jpg]
[http2.mlstatic.com/storage/cx-support-fcm-api/fcm-pub-os/cx-support-mario-frontend/lgun/maxiconsumo.jpg]
[www.mercadopago.com.ar/PORTAL/FAQ/18340/index.html]
[http2.mlstatic.com/storage/cx-support-fcm-api/fcm-pub-os/cx-support-mario-frontend/lgun/drahorro.jpg]
[http2.mlstatic.com/storage/cx-support-fcm-api/fcm-pub-os/cx-support-mario-frontend/lgun/libertad.jpg]
[http2.mlstatic.com/storage/cx-support-fcm-api/fcm-pub-os/cx-support-mario-frontend/lgun/farmaplus.jpg]
[http2.mlstatic.com/storage/cx-support-fcm-api/fcm-pub-os-prod/cx-support-mario-frontend/msevlever/whatsapp image 2022-07-27 at 11.39.24 am.jpg]
[http2.mlstatic.com/storage/cx-support-fcm-api/fcm-pub-os/cx-support-mario-frontend/lgun/carrefour @3x.png]
[http2.mlstatic.com/storage/cx-support-fcm-api/fcm-pub-os-prod/cx-support-mario-frontend/msevlever/cooperativa.png]
[http2.mlstatic.com/storage/cx-support-fcm-api/fcm-pub-os-prod/cx-support-mario-frontend/msevlever/la-anonima.png]
[www.mercadopago.com.ar/ayuda/18340.html]
[www.mercadopago.com.ar/codigo-qr/kit-oficial.html]
[www.mercadopago.com.ar/PAYMENTLINK/LANDINGS/ONLINE-PAYMENTS/index.html]
[www.mercadopago.com.ar/cuenta23f6.html]
[www.mercadopago.com.ar/herramientas-para-vender23f6.html]
[www.mercadopago.com.ar/point23f6.html]
[www.mercadopago.com.ar/como-cobrar/codigo-qr23f6.html]
[www.mercadopago.com.ar/herramientas-para-vender/link-de-pago-plugins-y-plataformas-checkout/link-de-pago23f6.html]
[www.mercadopago.com.ar/link-de-pago-plugins-y-plataformas-checkout23f6.html]
[www.mercadopago.com.ar/herramientas-para-vender/suscripciones23f6.html]
[www.mercadopago.com.ar/soluciones-empresarialesf7ec.html]
[http2.mlstatic.com/frontend-assets/credits-consumer-opensea/common/zapas-credits-1x.png]
[www.mercadopago.com.ar/revendedores/index23f6.html]
[http2.mlstatic.com/frontend-assets/credits-consumer-opensea/mpIntegratedFlowStart.desktop.19bcdf4c.css]
[www.mercadopago.com.ar/CREDITS/CONSUMER/OPENSEA/INTEGRATED_FLOW/START/index.html]
[www.mercadopago.com.ar/mercado-credito/comprar-cuotas-sin-tarjeta.html]
[www.mercadopago.com.ar/mercado-credito/cuotas-sin-tarjeta/integrated-flow/start7d2b.html]
[www.mercadopago.com.ar/ayuda/4055.html]
[www.mercadopago.com.ar/PORTAL/FAQ/3675/index.html]
[www.mercadopago.com.ar/ayuda/273]
[www.mercadopago.com.ar/ayuda/como-puedo-usar-mi-dinero_3675.html]
[www.mercadopago.com.ar/ayuda/23612.html]
[www.mercadopago.com.ar/herramientas-para-vender/link-de-pago-plugins-y-plataformas-checkout/PUT.html]
[www.mercadopago.com.ar/HOME/LANDINGS/ONLINE-PAYMENTS/index.html]
[www.mercadopago.com.ar/PORTAL/FAQ/23612/index.html]
[http2.mlstatic.com/frontend-assets/landing-online-payments/shopify.desktop.fd1ff205.css]
[http2.mlstatic.com/frontend-assets/landing-online-payments/MLA/hero/1920-MLA-shopify5e1f.jpg]
[www.mercadopago.com.ar/SHOPIFY/LANDINGS/ONLINE-PAYMENTS/index.html]
[www.mercadopago.com.ar/developers/es/docs/shopify/introduction.html]
[www.mercadopago.com.ar/ayuda/problema-cobro_581.html]
[www.mercadopago.com.ar/ayuda/17751.html]
[www.mercadopago.com.ar/herramientas-para-vender/link-de-pago-plugins-y-plataformas-checkout/plugins-y-plataformas/PUT]
[www.mercadopago.com.ar/herramientas-para-vender/link-de-pago-plugins-y-plataformas-checkout/plugins-y-plataformas/vender-shopify.html]
[http2.mlstatic.com/frontend-assets/landing-plugins/woocommerce.desktop.05319bb7.css]
[http2.mlstatic.com/frontend-assets/landing-plugins/ML-Neutro/hero/ml-neutro-desktop3860.jpg]
[www.mercadopago.com.ar/WOOCOMMERCE/LANDINGS/ONLINE-PAYMENTS/index.html]
[www.mercadopago.com.ar/herramientas-para-vender/link-de-pago-plugins-y-plataformas-checkout/plugins-y-plataformas/vender-woocommerce.html]
[www.mercadopago.com.ar/developers/es/guides/plugins/index.html]
[www.mercadopago.com.ar/ayuda/requisitos-programa-proteccion-vendedor_294.html]
[www.mercadopago.com.ar/developers/es/docs/resources-faqs/credentials.html]
[http2.mlstatic.com/storage/pog-cm-admin/calm-assets/hero-checkout-mla@2x--fb099710.png]
[www.mercadopago.com.ar/herramientas-para-vender/cobrar.html]
[www.mercadopago.com.ar/CHECKOUTS/LANDINGS/ONLINE-PAYMENTS/index.html]
[www.mercadopago.com.ar/developers/pt/docs.html]
[http2.mlstatic.com/frontend-assets/dx-devsite/documentation-styles.f1e63078.css]
[www.mercadopago.com.ar/developers/en/docs.html]
[http2.mlstatic.com/frontend-assets/dx-devsite/app-styles.6b9a56b6.css]
[www.mercadopago.com.ar/developers/es/reference.html]
[www.mercadopago.com.ar/developers/es/developer-program.html]
[www.mercadopago.com.ar/developers/es/news.html]
[www.mercadopago.com.ar/developers/es/docs/sdks-library/landing.html]
[www.mercadopago.com.ar/developers/es/support.html]
[www.mercadopago.com.ar/developers/es/docs/getting-started.html]
[www.mercadopago.com.ar/developers/es/docs/checkout-pro/landing.html]
[www.mercadopago.com.ar/developers/es/docs/checkout-api/landing.html]
[www.mercadopago.com.ar/developers/es/docs/payment-link/intro-button.html]
[www.mercadopago.com.ar/developers/es/docs/mp-delivery/landing.html]
[www.mercadopago.com.ar/developers/es/docs/checkout-bricks/landing.html]
[www.mercadopago.com.ar/developers/es/docs/wallet-connect/landing.html]
[www.mercadopago.com.ar/developers/es/docs/shopify/landing.html]
[www.mercadopago.com.ar/developers/es/docs/woocommerce/introduction.html]
[www.mercadopago.com.ar/developers/es/docs/nuvemshop/introduction.html]
[www.mercadopago.com.ar/developers/es/docs/vtex/introduction.html]
[www.mercadopago.com.ar/developers/es/docs/prestashop/landing.html]
[www.mercadopago.com.ar/developers/es/docs/wix/introduction.html]
[www.mercadopago.com.ar/developers/es/docs/magento-two/landing.html]
[www.mercadopago.com.ar/developers/es/docs/qr-code/introduction.html]
[www.mercadopago.com.ar/developers/es/docs/mp-point/landing.html]
[www.mercadopago.com.ar/privacidade.html]
[www.mercadopago.com.ar/developers/es/docs/resources/legal/terms-and-conditions.html]
[www.mercadopago.com.ar/developers/es/docs.html]
[www.mercadopago.com.ar/developers/es/docs/credentials.html]
[www.mercadopago.com.ar/cuentae2e0.html]
[www.mercadopago.com.ar/herramientas-para-vendere2e0.html]
[www.mercadopago.com.ar/pointe2e0.html]
[www.mercadopago.com.ar/como-cobrar/codigo-qre2e0.html]
[www.mercadopago.com.ar/herramientas-para-vender/link-de-pago-plugins-y-plataformas-checkout/link-de-pagoe2e0.html]
[www.mercadopago.com.ar/link-de-pago-plugins-y-plataformas-checkoute2e0.html]
[www.mercadopago.com.ar/herramientas-para-vender/suscripcionese2e0.html]
[www.mercadopago.com.ar/soluciones-empresarialese2e0.html]
[http2.mlstatic.com/frontend-assets/ui-navigation/5.19.1/mercadopago/navigation_v3.css]
[www.mercadopago.com.ar/revendedores/indexe2e0.html]
[http2.mlstatic.com/frontend-assets/landing-op-internal-products/subscriptions.desktop.b559b223.css]
[www.mercadopago.com.ar/SUBSCRIPTIONS/LANDINGS/ONLINE-PAYMENTS/index.html]
[www.mercadopago.com.ar/ajuda/custo-receber-pagamentos_220.html]
[http2.mlstatic.com/frontend-assets/landing-op-internal-products/42298aaf306f04be8848.woff2]
[www.mercadopago.com.ar/developers/pt/docs/subscriptions/landing.html]
[www.mercadopago.com.ar/developers/en/docs/subscriptions/landing.html]
[http2.mlstatic.com/frontend-assets/dx-devsite/javascripts/prism57f8.js]
[www.mercadopago.com.ar/developers/es/docs/subscriptions/requirements.html]
[www.mercadopago.com.ar/developers/es/docs/subscriptions/integration-configuration/subscriptions-associated-plan.html]
[www.mercadopago.com.ar/developers/es/docs/subscriptions/integration-configuration/subscription-no-associated-plan.html]
[www.mercadopago.com.ar/developers/es/docs/subscriptions/integration-customization/payment-methods/proportional-amount.html]
[www.mercadopago.com.ar/developers/es/docs/subscriptions/integration-test/create-test-user.html]
[www.mercadopago.com.ar/developers/es/docs/subscriptions/integration-test/payment-approval.html]
[www.mercadopago.com.ar/developers/es/docs/subscriptions/production-mode/subscription-management.html]
[www.mercadopago.com.ar/developers/es/docs/subscriptions/production-mode/sales-processing/payment-methods.html]
[www.mercadopago.com.ar/developers/es/docs/subscriptions/production-mode/sales-processing/chargebacks.html]
[www.mercadopago.com.ar/developers/es/docs/subscriptions/production-mode/sales-processing/cancellations-and-refunds.html]
[www.mercadopago.com.ar/developers/es/docs/subscriptions/migration-v1-to-v0/migration-version.html]
[www.mercadopago.com.ar/developers/es/docs/subscriptions/additional-content/test-cards.html]
[www.mercadopago.com.ar/developers/es/docs/subscriptions/additional-content/credentials.html]
[www.mercadopago.com.ar/developers/es/docs/subscriptions/additional-content/dashboard/introduction.html]
[www.mercadopago.com.ar/developers/es/docs/subscriptions/additional-content/dashboard/header.html]
[www.mercadopago.com.ar/developers/es/docs/subscriptions/additional-content/dashboard/applications.html]
[www.mercadopago.com.ar/developers/es/docs/subscriptions/additional-content/dashboard/integration.html]
[www.mercadopago.com.ar/developers/es/docs/subscriptions/additional-content/dashboard/certifications.html]
[www.mercadopago.com.ar/developers/es/docs/subscriptions/additional-content/notifications/introduction.html]
[www.mercadopago.com.ar/developers/es/docs/subscriptions/additional-content/notifications/webhooks.html]
[www.mercadopago.com.ar/developers/es/docs/subscriptions/additional-content/notifications/ipn.html]
[www.mercadopago.com.ar/developers/es/docs/subscriptions/additional-content/notifications/ipn/online-payments/online-url-configuration.html]
[www.mercadopago.com.ar/developers/es/docs/subscriptions/additional-content/notifications/ipn/online-payments/online-payment-creation-config.html]
[www.mercadopago.com.ar/developers/es/docs/subscriptions/additional-content/notifications/ipn/online-payments/online-url-after-notification.html]
[www.mercadopago.com.ar/developers/es/docs/subscriptions/additional-content/notifications/ipn/inperson-payments/introduction.html]
[www.mercadopago.com.ar/developers/es/docs/subscriptions/additional-content/notifications/ipn/inperson-payments/configuration.html]
[www.mercadopago.com.ar/developers/es/docs/subscriptions/additional-content/notifications/ipn/inperson-payments/notification-events.html]
[www.mercadopago.com.ar/developers/es/docs/subscriptions/additional-content/notifications/ipn/inperson-payments/order-query.html]
[www.mercadopago.com.ar/developers/es/docs/subscriptions/additional-content/notifications/ipn/troubleshooting.html]
[www.mercadopago.com.ar/developers/es/docs/subscriptions/additional-content/notifications/ipn/additional-tools.html]
[www.mercadopago.com.ar/developers/es/docs/subscriptions/additional-content/notifications/ipn/apis-map.html]
[www.mercadopago.com.ar/developers/es/docs/subscriptions/additional-content/reports/introduction.html]
[www.mercadopago.com.ar/developers/es/docs/subscriptions/additional-content/reports/released-money.html]
[www.mercadopago.com.ar/developers/es/docs/subscriptions/additional-content/reports/released-money/how to use.html]
[www.mercadopago.com.ar/developers/es/docs/subscriptions/additional-content/reports/released-money/generate.html]
[www.mercadopago.com.ar/developers/es/docs/subscriptions/additional-content/reports/released-money/report-fields.html]
[www.mercadopago.com.ar/developers/es/docs/subscriptions/additional-content/reports/available-money/introduction.html]
[www.mercadopago.com.ar/developers/es/docs/subscriptions/additional-content/reports/available-money/how-to-use.html]
[www.mercadopago.com.ar/developers/es/docs/subscriptions/additional-content/reports/available-money/generate.html]
[www.mercadopago.com.ar/developers/es/docs/subscriptions/additional-content/reports/available-money/report-fields.html]
[www.mercadopago.com.ar/developers/es/docs/subscriptions/additional-content/reports/account-money/introduction.html]
[www.mercadopago.com.ar/developers/es/docs/subscriptions/additional-content/reports/account-money/how-to-use.html]
[www.mercadopago.com.ar/developers/es/docs/subscriptions/additional-content/reports/account-money/generate.html]
[www.mercadopago.com.ar/developers/es/docs/subscriptions/additional-content/reports/account-money/report-fields.html]
[www.mercadopago.com.ar/developers/es/docs/subscriptions/additional-content/security/owasp.html]
[www.mercadopago.com.ar/developers/es/docs/subscriptions/additional-content/security/pci.html]
[www.mercadopago.com.ar/developers/es/docs/subscriptions/additional-content/security/oauth/introduction.html]
[www.mercadopago.com.ar/developers/es/docs/subscriptions/additional-content/security/oauth/creation.html]
[www.mercadopago.com.ar/developers/es/docs/subscriptions/additional-content/security/oauth/renewal.html]
[www.mercadopago.com.ar/developers/es/docs/subscriptions/additional-content/security/oauth/management.html]
[www.mercadopago.com.ar/developers/es/docs/subscriptions/additional-content/security/oauth/videos.html]
[www.mercadopago.com.ar/developers/es/docs/subscriptions/additional-content/security/oauth/apis-map.html]
[www.mercadopago.com.ar/developers/es/docs/subscriptions/how-tos/payment-approval.html]
[www.mercadopago.com.ar/developers/es/docs/subscriptions/how-tos/payment-methods-by-country.html]
[www.mercadopago.com.ar/developers/es/docs/subscriptions/resources/glossary.html]
[www.mercadopago.com.ar/developers/es/docs/subscriptions/best-practices/credentials-best-practices/introduction.html]
[www.mercadopago.com.ar/developers/es/docs/subscriptions/resources/credentials-best-practices/secure-credentials.html]
[http2.mlstatic.com/storage/dx-devsite/docs-assets/images/subscriptions/mini-landing-pt.png]
[http2.mlstatic.com/storage/dx-devsite/docs-assets/images/subscriptions/mini-landing-2-pt.png]
[http2.mlstatic.com/storage/dx-devsite/docs-assets/images/subscriptions/mini-landing-3-pt.png]
[http2.mlstatic.com/storage/dx-devsite/docs-assets/images/subscriptions/mini-landing-4-pt.png]
[www.mercadopago.com.ar/developers/es/docs/sales-processing/payment-methods.html]
[www.mercadopago.com.ar/developers/es/docs/subscriptions/PUT]
[www.mercadopago.com.ar/developers/es/docs/subscriptions/landing.html]
[www.mercadopago.com.ar/herramientas-para-vender/PUT.html]
[http2.mlstatic.com/frontend-assets/credits-merchant-landings/landing.desktop.f48d718b.css]
[www.mercadopago.com.ar/CREDITS/MERCHANT/PUBLIC_LANDING/index.html]
[www.mercadopago.com.ar/ayuda/21873.html]
[www.mercadopago.com.ar/PORTAL/FOLDER/16535/index.html]
[www.mercadopago.com.ar/ayuda/21917.html]
[www.mercadopago.com.ar/ayuda/21921.html]
[www.mercadopago.com.ar/ayuda/16535.html]
[secure.mlstatic.com/components/resources/mp/images/mercadopago-vertical-logo-95x88.html]
[secure.mlstatic.com/components/resources/mp/desktop/images/apple-touch-icon-precomposed368d.html]
[secure.mlstatic.com/components/resources/mp/desktop/images/apple-touch-icon-72x72-precomposed2579.html]
[secure.mlstatic.com/components/resources/mp/desktop/images/apple-touch-icon-120x120-precomposed9509.html]
[secure.mlstatic.com/components/resources/mp/desktop/images/apple-touch-icon-144x144-precomposed311a.html]
[maxcdn.bootstrapcdn.com/bootstrap/4.0.0/css/bootstrap.min.css]
[www.mercadopago.com.ar/ayuda/recibir-pagar-prestamo_2721.html]
[http2.mlstatic.com/ui/webfonts/v4.2.0/proxima-nova/proxima-nova-500.eot]
[http2.mlstatic.com/ui/webfonts/v4.2.0/proxima-nova/proxima-nova-500d41d.eot]
[http2.mlstatic.com/ui/webfonts/v4.2.0/proxima-nova/proxima-nova-500.woff2]
[http2.mlstatic.com/ui/webfonts/v4.2.0/proxima-nova/proxima-nova-500.woff]
[http2.mlstatic.com/ui/webfonts/v4.2.0/proxima-nova/proxima-nova-500.ttf]
[http2.mlstatic.com/ui/webfonts/v4.2.0/proxima-nova/proxima-nova-700.eot]
[http2.mlstatic.com/ui/webfonts/v4.2.0/proxima-nova/proxima-nova-700d41d.eot]
[http2.mlstatic.com/ui/webfonts/v4.2.0/proxima-nova/proxima-nova-700.woff2]
[http2.mlstatic.com/ui/webfonts/v4.2.0/proxima-nova/proxima-nova-700.woff]
[http2.mlstatic.com/ui/webfonts/v4.2.0/proxima-nova/proxima-nova-700.ttf]
[http2.mlstatic.com/ui/webfonts/v4.2.0/proxima-nova/proxima-nova-900.eot]
[http2.mlstatic.com/ui/webfonts/v4.2.0/proxima-nova/proxima-nova-900d41d.eot]
[http2.mlstatic.com/ui/webfonts/v4.2.0/proxima-nova/proxima-nova-900.woff2]
[http2.mlstatic.com/ui/webfonts/v4.2.0/proxima-nova/proxima-nova-900.woff]
[http2.mlstatic.com/ui/webfonts/v4.2.0/proxima-nova/500-700-900.css]
[http2.mlstatic.com/ui/webfonts/v4.2.0/proxima-nova/proxima-nova-900.ttf]
[http2.mlstatic.com/frontend-assets/mgrowth-resellers-landings/ee100e1d0f5ea8b05893.png]
[http2.mlstatic.com/frontend-assets/mgrowth-resellers-landings/landingMLA.e826dbec.css]
[www.mercadopago.com.ar/POINT/LANDING/RESELLERS/HUNTING/index.html]
[www.mercadopago.com.ar/ayuda/terminos-y-]
[www.mercadopago.com.ar/ayuda/5248.html]
[www.mercadopago.com.ar/PORTAL/FAQ/5248/index.html]
[www.mercadopago.com.ar/revendedores/PUT.html]
[http2.mlstatic.com/frontend-assets/mgrowth-resellers-landings/certificate.3a957cc0.css]
[http2.mlstatic.com/frontend-assets/dx-devsite/home-styles.1d8036b4.css]
[www.mercadopago.com.ar/developers/es.html]
[http2.mlstatic.com/frontend-assets/cx-support-peach-frontend/home-mp.94d789d2.css]
[www.mercadopago.com.ar/PORTAL/HOME/index.html]
[www.mercadopago.com.ar/ayuda/19080.html]
[www.mercadopago.com.ar/ayuda/19082.html]
[www.mercadopago.com.ar/ayuda/19083.html]
[www.mercadopago.com.ar/ayuda/19049.html]
[www.mercadopago.com.ar/ayuda/24459.html]
[www.mercadopago.com.ar/ayuda/19050.html]
[www.mercadopago.com.ar/ayuda/19084.html]
                                                                                                                                                                                                                                                                                                                                                                                                                                                                                                                                                                                                                                                                                                                                                                                                                                                                                                                                                                                                                                                                                                                                                                                                                                                                                                                                                                                                                                                                                                                          